<?xml version="1.0" encoding="utf-8"?>
<Workflow WorkflowId="{f0cfbb20-4bda-4eec-9b67-3c6948518bc6}" Name="Test" xmlns:xsi="http://www.w3.org/2001/XMLSchema-instance">
  <XamlFileName>/Workflows/Test-F0CFBB20-4BDA-4EEC-9B67-3C6948518BC6.xaml</XamlFileName>
  <Type>1</Type>
  <Subprocess>0</Subprocess>
  <Category>0</Category>
  <Mode>1</Mode>
  <Scope>1</Scope>
  <OnDemand>0</OnDemand>
  <TriggerOnCreate>1</TriggerOnCreate>
  <TriggerOnDelete>0</TriggerOnDelete>
  <AsyncAutodelete>1</AsyncAutodelete>
  <SyncWorkflowLogOnFailure>1</SyncWorkflowLogOnFailure>
  <StateCode>0</StateCode>
  <StatusCode>1</StatusCode>
  <RunAs>1</RunAs>
  <IsTransacted>1</IsTransacted>
  <IntroducedVersion>1.0.0.3</IntroducedVersion>
  <IsCustomizable>1</IsCustomizable>
  <PrimaryEntity>Account</PrimaryEntity>
  <LocalizedNames>
    <LocalizedName languagecode="1033" description="Test" />
  </LocalizedNames>
</Workflow>